<?xml version="1.0" encoding="UTF-8"?>
<robot generator="Robot 5.0.1 (Python 3.7.4 on win32)" generated="20220625 14:45:57.789" rpa="false" schemaversion="3">
<suite id="s1" name="TC 19" source="C:\Users\Sampath\PycharmProjects\pythonProject13\Automation\TestCases\TC_19.robot">
<test id="s1-t1" name="TC_1 User Registration" line="3">
<kw name="Log To Console" library="BuiltIn">
<arg>This is user registration test</arg>
<doc>Logs the given message to the console.</doc>
<status status="PASS" starttime="20220625 14:45:57.829" endtime="20220625 14:45:57.830"/>
</kw>
<kw name="Log To Console" library="BuiltIn">
<arg>Registration Test is over</arg>
<doc>Logs the given message to the console.</doc>
<status status="PASS" starttime="20220625 14:45:57.831" endtime="20220625 14:45:57.832"/>
</kw>
<tag>regression</tag>
<status status="PASS" starttime="20220625 14:45:57.828" endtime="20220625 14:45:57.832"/>
</test>
<test id="s1-t2" name="TC_3 Change User Settings" line="13">
<kw name="Log To Console" library="BuiltIn">
<arg>Chaging user settings test</arg>
<doc>Logs the given message to the console.</doc>
<status status="PASS" starttime="20220625 14:45:57.834" endtime="20220625 14:45:57.835"/>
</kw>
<kw name="Log To Console" library="BuiltIn">
<arg>Change user settings test over</arg>
<doc>Logs the given message to the console.</doc>
<status status="PASS" starttime="20220625 14:45:57.835" endtime="20220625 14:45:57.835"/>
</kw>
<tag>regression</tag>
<status status="PASS" starttime="20220625 14:45:57.834" endtime="20220625 14:45:57.836"/>
</test>
<status status="PASS" starttime="20220625 14:45:57.792" endtime="20220625 14:45:57.837"/>
</suite>
<statistics>
<total>
<stat pass="2" fail="0" skip="0">All Tests</stat>
</total>
<tag>
<stat pass="2" fail="0" skip="0">regression</stat>
</tag>
<suite>
<stat pass="2" fail="0" skip="0" id="s1" name="TC 19">TC 19</stat>
</suite>
</statistics>
<errors>
</errors>
</robot>
