<?xml version="1.0" encoding="UTF-8"?>
<robot generator="Robot 5.0.1 (Python 3.7.4 on win32)" generated="20220618 13:10:43.432" rpa="false" schemaversion="3">
<suite id="s1" name="TC 14" source="C:\Users\Sampath\PycharmProjects\pythonProject13\Automation\TestCases\TC_14.robot">
<test id="s1-t1" name="Scrolling_Test" line="6">
<kw name="Open Browser" library="SeleniumLibrary">
<arg>https://www.countries-ofthe-world.com/flags-of-the-world.html</arg>
<arg>chrome</arg>
<doc>Opens a new browser instance to the given ``url``.</doc>
<msg timestamp="20220618 13:10:43.714" level="INFO">Opening browser 'chrome' to base url 'https://www.countries-ofthe-world.com/flags-of-the-world.html'.</msg>
<status status="PASS" starttime="20220618 13:10:43.714" endtime="20220618 13:10:59.015"/>
</kw>
<kw name="Maximize Browser Window" library="SeleniumLibrary">
<doc>Maximizes current browser window.</doc>
<status status="PASS" starttime="20220618 13:10:59.016" endtime="20220618 13:10:59.147"/>
</kw>
<kw name="Execute Javascript" library="SeleniumLibrary">
<arg>window.scrollTo(0,document.body.scrollHeight)</arg>
<doc>Executes the given JavaScript code with possible arguments.</doc>
<msg timestamp="20220618 13:10:59.148" level="INFO">Executing JavaScript:
window.scrollTo(0,document.body.scrollHeight)
Without any arguments.</msg>
<status status="PASS" starttime="20220618 13:10:59.148" endtime="20220618 13:10:59.152"/>
</kw>
<kw name="Sleep" library="BuiltIn">
<arg>2</arg>
<doc>Pauses the test executed for the given time.</doc>
<msg timestamp="20220618 13:11:01.158" level="INFO">Slept 2 seconds</msg>
<status status="PASS" starttime="20220618 13:10:59.152" endtime="20220618 13:11:01.159"/>
</kw>
<kw name="Execute Javascript" library="SeleniumLibrary">
<arg>window.scrollTo(0,-document.body.scrollHeight)</arg>
<doc>Executes the given JavaScript code with possible arguments.</doc>
<msg timestamp="20220618 13:11:01.164" level="INFO">Executing JavaScript:
window.scrollTo(0,-document.body.scrollHeight)
Without any arguments.</msg>
<status status="PASS" starttime="20220618 13:11:01.161" endtime="20220618 13:11:01.233"/>
</kw>
<status status="PASS" starttime="20220618 13:10:43.713" endtime="20220618 13:11:01.234"/>
</test>
<status status="PASS" starttime="20220618 13:10:43.435" endtime="20220618 13:11:01.243"/>
</suite>
<statistics>
<total>
<stat pass="1" fail="0" skip="0">All Tests</stat>
</total>
<tag>
</tag>
<suite>
<stat pass="1" fail="0" skip="0" id="s1" name="TC 14">TC 14</stat>
</suite>
</statistics>
<errors>
</errors>
</robot>
